android/app/build/intermediates/manifest_merge_blame_file/debug/processDebugMainManifest/manifest-merger-blame-debug-report.txt
1<?xml version="1.0" encoding="utf-8"?>
2<manifest xmlns:android="http://schemas.android.com/apk/res/android"
3    package="com.edgewatcher"
4    android:versionCode="1"
5    android:versionName="1.0.0" >
6
7    <uses-sdk
8        android:minSdkVersion="26"
9        android:targetSdkVersion="36" />
10
11    <uses-permission android:name="android.permission.INTERNET" />
11-->src/main/AndroidManifest.xml:4:5-67
11-->src/main/AndroidManifest.xml:4:22-64
12    <uses-permission android:name="android.permission.CAMERA" />
12-->src/main/AndroidManifest.xml:5:5-65
12-->src/main/AndroidManifest.xml:5:22-62
13    <uses-permission android:name="android.permission.ACCESS_FINE_LOCATION" />
13-->src/main/AndroidManifest.xml:6:5-79
13-->src/main/AndroidManifest.xml:6:22-76
14    <uses-permission android:name="android.permission.ACCESS_COARSE_LOCATION" />
14-->src/main/AndroidManifest.xml:7:5-81
14-->src/main/AndroidManifest.xml:7:22-78
15    <uses-permission android:name="android.permission.POST_NOTIFICATIONS" />
15-->src/main/AndroidManifest.xml:8:5-77
15-->src/main/AndroidManifest.xml:8:22-74
16    <uses-permission android:name="android.permission.FOREGROUND_SERVICE" />
16-->src/main/AndroidManifest.xml:9:5-77
16-->src/main/AndroidManifest.xml:9:22-74
17    <uses-permission android:name="android.permission.FOREGROUND_SERVICE_CAMERA" />
17-->src/main/AndroidManifest.xml:10:5-84
17-->src/main/AndroidManifest.xml:10:22-81
18    <uses-permission android:name="android.permission.FOREGROUND_SERVICE_LOCATION" />
18-->src/main/AndroidManifest.xml:11:5-86
18-->src/main/AndroidManifest.xml:11:22-83
19    <uses-permission android:name="android.permission.WAKE_LOCK" />
19-->src/main/AndroidManifest.xml:12:5-68
19-->src/main/AndroidManifest.xml:12:22-65
20    <uses-permission android:name="android.permission.SCHEDULE_EXACT_ALARM" />
20-->src/main/AndroidManifest.xml:13:5-79
20-->src/main/AndroidManifest.xml:13:22-76
21    <uses-permission android:name="android.permission.RECEIVE_BOOT_COMPLETED" />
21-->src/main/AndroidManifest.xml:14:5-81
21-->src/main/AndroidManifest.xml:14:22-78
22    <uses-permission android:name="android.permission.REQUEST_IGNORE_BATTERY_OPTIMIZATIONS" />
22-->src/main/AndroidManifest.xml:15:5-95
22-->src/main/AndroidManifest.xml:15:22-92
23
24    <uses-feature
24-->src/main/AndroidManifest.xml:17:5-88
25        android:name="android.hardware.camera.any"
25-->src/main/AndroidManifest.xml:17:19-61
26        android:required="true" />
26-->src/main/AndroidManifest.xml:17:62-85
27
28    <permission
28-->[androidx.core:core:1.16.0] AndroidManifest.xml:22:5-24:47
29        android:name="com.edgewatcher.DYNAMIC_RECEIVER_NOT_EXPORTED_PERMISSION"
29-->[androidx.core:core:1.16.0] AndroidManifest.xml:23:9-81
30        android:protectionLevel="signature" />
30-->[androidx.core:core:1.16.0] AndroidManifest.xml:24:9-44
31
32    <uses-permission android:name="com.edgewatcher.DYNAMIC_RECEIVER_NOT_EXPORTED_PERMISSION" /> <!-- Although the *SdkVersion is captured in gradle build files, this is required for non gradle builds -->
32-->[androidx.core:core:1.16.0] AndroidManifest.xml:26:5-97
32-->[androidx.core:core:1.16.0] AndroidManifest.xml:26:22-94
33    <!-- <uses-sdk android:minSdkVersion="14"/> -->
34    <uses-permission android:name="android.permission.ACCESS_NETWORK_STATE" />
34-->[com.google.android.datatransport:transport-backend-cct:2.3.3] AndroidManifest.xml:25:5-79
34-->[com.google.android.datatransport:transport-backend-cct:2.3.3] AndroidManifest.xml:25:22-76
35    <!--
36    Ruling T1-1: platform theme, not Material3. This XML theme's only job is to
37    supply an ActionBar-less window; every pixel in this app is drawn by Compose,
38    where MaterialTheme {} owns the styling. Pulling in Material Components (plus
39    AppCompat) just for one theme string would be dependency weight with no
40    consumer. Do not "fix" this back to a Theme.Material3.* style without also
41    adding com.google.android.material:material as a real dependency.
42    -->
43    <application
43-->src/main/AndroidManifest.xml:27:5-62:19
44        android:name="com.edgewatcher.EdgeWatcherApp"
44-->src/main/AndroidManifest.xml:28:9-39
45        android:allowBackup="false"
45-->src/main/AndroidManifest.xml:29:9-36
46        android:appComponentFactory="androidx.core.app.CoreComponentFactory"
46-->[androidx.core:core:1.16.0] AndroidManifest.xml:28:18-86
47        android:debuggable="true"
48        android:extractNativeLibs="false"
49        android:label="EdgeWatcher"
49-->src/main/AndroidManifest.xml:30:9-36
50        android:supportsRtl="false"
50-->src/main/AndroidManifest.xml:31:9-36
51        android:theme="@android:style/Theme.Material.Light.NoActionBar"
51-->src/main/AndroidManifest.xml:33:9-72
52        android:usesCleartextTraffic="false" >
52-->src/main/AndroidManifest.xml:32:9-45
53        <activity
53-->src/main/AndroidManifest.xml:35:9-44:20
54            android:name="com.edgewatcher.presentation.MainActivity"
54-->src/main/AndroidManifest.xml:36:13-54
55            android:exported="true"
55-->src/main/AndroidManifest.xml:37:13-36
56            android:launchMode="singleTask"
56-->src/main/AndroidManifest.xml:38:13-44
57            android:screenOrientation="portrait" >
57-->src/main/AndroidManifest.xml:39:13-49
58            <intent-filter>
58-->src/main/AndroidManifest.xml:40:13-43:29
59                <action android:name="android.intent.action.MAIN" />
59-->src/main/AndroidManifest.xml:41:17-69
59-->src/main/AndroidManifest.xml:41:25-66
60
61                <category android:name="android.intent.category.LAUNCHER" />
61-->src/main/AndroidManifest.xml:42:17-77
61-->src/main/AndroidManifest.xml:42:27-74
62            </intent-filter>
63        </activity>
64
65        <service
65-->src/main/AndroidManifest.xml:46:9-49:63
66            android:name="com.edgewatcher.infrastructure.service.ObservationService"
66-->src/main/AndroidManifest.xml:47:13-70
67            android:exported="false"
67-->src/main/AndroidManifest.xml:48:13-37
68            android:foregroundServiceType="camera|location" />
68-->src/main/AndroidManifest.xml:49:13-60
69
70        <receiver
70-->src/main/AndroidManifest.xml:51:9-57:20
71            android:name="com.edgewatcher.infrastructure.service.BootReceiver"
71-->src/main/AndroidManifest.xml:52:13-64
72            android:exported="true" >
72-->src/main/AndroidManifest.xml:53:13-36
73            <intent-filter>
73-->src/main/AndroidManifest.xml:54:13-56:29
74                <action android:name="android.intent.action.BOOT_COMPLETED" />
74-->src/main/AndroidManifest.xml:55:17-79
74-->src/main/AndroidManifest.xml:55:25-76
75            </intent-filter>
76        </receiver>
77        <receiver
77-->src/main/AndroidManifest.xml:59:9-61:40
78            android:name="com.edgewatcher.infrastructure.service.AlarmReceiver"
78-->src/main/AndroidManifest.xml:60:13-65
79            android:exported="false" />
79-->src/main/AndroidManifest.xml:61:13-37
80
81        <service
81-->[com.google.android.gms:play-services-mlkit-barcode-scanning:18.3.1] AndroidManifest.xml:9:9-15:19
82            android:name="com.google.mlkit.common.internal.MlKitComponentDiscoveryService"
82-->[com.google.android.gms:play-services-mlkit-barcode-scanning:18.3.1] AndroidManifest.xml:10:13-91
83            android:directBootAware="true"
83-->[com.google.mlkit:common:18.11.0] AndroidManifest.xml:17:13-43
84            android:exported="false" >
84-->[com.google.android.gms:play-services-mlkit-barcode-scanning:18.3.1] AndroidManifest.xml:11:13-37
85            <meta-data
85-->[com.google.android.gms:play-services-mlkit-barcode-scanning:18.3.1] AndroidManifest.xml:12:13-14:85
86                android:name="com.google.firebase.components:com.google.mlkit.vision.barcode.internal.BarcodeRegistrar"
86-->[com.google.android.gms:play-services-mlkit-barcode-scanning:18.3.1] AndroidManifest.xml:13:17-120
87                android:value="com.google.firebase.components.ComponentRegistrar" />
87-->[com.google.android.gms:play-services-mlkit-barcode-scanning:18.3.1] AndroidManifest.xml:14:17-82
88            <meta-data
88-->[com.google.mlkit:vision-common:17.3.0] AndroidManifest.xml:12:13-14:85
89                android:name="com.google.firebase.components:com.google.mlkit.vision.common.internal.VisionCommonRegistrar"
89-->[com.google.mlkit:vision-common:17.3.0] AndroidManifest.xml:13:17-124
90                android:value="com.google.firebase.components.ComponentRegistrar" />
90-->[com.google.mlkit:vision-common:17.3.0] AndroidManifest.xml:14:17-82
91            <meta-data
91-->[com.google.mlkit:common:18.11.0] AndroidManifest.xml:20:13-22:85
92                android:name="com.google.firebase.components:com.google.mlkit.common.internal.CommonComponentRegistrar"
92-->[com.google.mlkit:common:18.11.0] AndroidManifest.xml:21:17-120
93                android:value="com.google.firebase.components.ComponentRegistrar" />
93-->[com.google.mlkit:common:18.11.0] AndroidManifest.xml:22:17-82
94        </service>
95
96        <provider
96-->[com.google.mlkit:common:18.11.0] AndroidManifest.xml:9:9-13:38
97            android:name="com.google.mlkit.common.internal.MlKitInitProvider"
97-->[com.google.mlkit:common:18.11.0] AndroidManifest.xml:10:13-78
98            android:authorities="com.edgewatcher.mlkitinitprovider"
98-->[com.google.mlkit:common:18.11.0] AndroidManifest.xml:11:13-69
99            android:exported="false"
99-->[com.google.mlkit:common:18.11.0] AndroidManifest.xml:12:13-37
100            android:initOrder="99" />
100-->[com.google.mlkit:common:18.11.0] AndroidManifest.xml:13:13-35
101
102        <service
102-->[androidx.camera:camera-camera2:1.4.2] AndroidManifest.xml:24:9-33:19
103            android:name="androidx.camera.core.impl.MetadataHolderService"
103-->[androidx.camera:camera-camera2:1.4.2] AndroidManifest.xml:25:13-75
104            android:enabled="false"
104-->[androidx.camera:camera-camera2:1.4.2] AndroidManifest.xml:26:13-36
105            android:exported="false" >
105-->[androidx.camera:camera-camera2:1.4.2] AndroidManifest.xml:27:13-37
106            <meta-data
106-->[androidx.camera:camera-camera2:1.4.2] AndroidManifest.xml:30:13-32:89
107                android:name="androidx.camera.core.impl.MetadataHolderService.DEFAULT_CONFIG_PROVIDER"
107-->[androidx.camera:camera-camera2:1.4.2] AndroidManifest.xml:31:17-103
108                android:value="androidx.camera.camera2.Camera2Config$DefaultProvider" />
108-->[androidx.camera:camera-camera2:1.4.2] AndroidManifest.xml:32:17-86
109        </service>
110        <service
110-->[androidx.room:room-runtime-android:2.7.2] AndroidManifest.xml:24:9-28:63
111            android:name="androidx.room.MultiInstanceInvalidationService"
111-->[androidx.room:room-runtime-android:2.7.2] AndroidManifest.xml:25:13-74
112            android:directBootAware="true"
112-->[androidx.room:room-runtime-android:2.7.2] AndroidManifest.xml:26:13-43
113            android:exported="false" />
113-->[androidx.room:room-runtime-android:2.7.2] AndroidManifest.xml:27:13-37
114
115        <activity
115-->[com.google.android.gms:play-services-base:18.5.0] AndroidManifest.xml:5:9-173
116            android:name="com.google.android.gms.common.api.GoogleApiActivity"
116-->[com.google.android.gms:play-services-base:18.5.0] AndroidManifest.xml:5:19-85
117            android:exported="false"
117-->[com.google.android.gms:play-services-base:18.5.0] AndroidManifest.xml:5:146-170
118            android:theme="@android:style/Theme.Translucent.NoTitleBar" />
118-->[com.google.android.gms:play-services-base:18.5.0] AndroidManifest.xml:5:86-145
119
120        <provider
120-->[androidx.emoji2:emoji2:1.4.0] AndroidManifest.xml:24:9-32:20
121            android:name="androidx.startup.InitializationProvider"
121-->[androidx.emoji2:emoji2:1.4.0] AndroidManifest.xml:25:13-67
122            android:authorities="com.edgewatcher.androidx-startup"
122-->[androidx.emoji2:emoji2:1.4.0] AndroidManifest.xml:26:13-68
123            android:exported="false" >
123-->[androidx.emoji2:emoji2:1.4.0] AndroidManifest.xml:27:13-37
124            <meta-data
124-->[androidx.emoji2:emoji2:1.4.0] AndroidManifest.xml:29:13-31:52
125                android:name="androidx.emoji2.text.EmojiCompatInitializer"
125-->[androidx.emoji2:emoji2:1.4.0] AndroidManifest.xml:30:17-75
126                android:value="androidx.startup" />
126-->[androidx.emoji2:emoji2:1.4.0] AndroidManifest.xml:31:17-49
127            <meta-data
127-->[androidx.lifecycle:lifecycle-process:2.9.2] AndroidManifest.xml:29:13-31:52
128                android:name="androidx.lifecycle.ProcessLifecycleInitializer"
128-->[androidx.lifecycle:lifecycle-process:2.9.2] AndroidManifest.xml:30:17-78
129                android:value="androidx.startup" />
129-->[androidx.lifecycle:lifecycle-process:2.9.2] AndroidManifest.xml:31:17-49
130            <meta-data
130-->[androidx.profileinstaller:profileinstaller:1.4.0] AndroidManifest.xml:29:13-31:52
131                android:name="androidx.profileinstaller.ProfileInstallerInitializer"
131-->[androidx.profileinstaller:profileinstaller:1.4.0] AndroidManifest.xml:30:17-85
132                android:value="androidx.startup" />
132-->[androidx.profileinstaller:profileinstaller:1.4.0] AndroidManifest.xml:31:17-49
133        </provider>
134
135        <meta-data
135-->[com.google.android.gms:play-services-basement:18.4.0] AndroidManifest.xml:6:9-122
136            android:name="com.google.android.gms.version"
136-->[com.google.android.gms:play-services-basement:18.4.0] AndroidManifest.xml:6:20-65
137            android:value="@integer/google_play_services_version" />
137-->[com.google.android.gms:play-services-basement:18.4.0] AndroidManifest.xml:6:66-119
138
139        <receiver
139-->[androidx.profileinstaller:profileinstaller:1.4.0] AndroidManifest.xml:34:9-52:20
140            android:name="androidx.profileinstaller.ProfileInstallReceiver"
140-->[androidx.profileinstaller:profileinstaller:1.4.0] AndroidManifest.xml:35:13-76
141            android:directBootAware="false"
141-->[androidx.profileinstaller:profileinstaller:1.4.0] AndroidManifest.xml:36:13-44
142            android:enabled="true"
142-->[androidx.profileinstaller:profileinstaller:1.4.0] AndroidManifest.xml:37:13-35
143            android:exported="true"
143-->[androidx.profileinstaller:profileinstaller:1.4.0] AndroidManifest.xml:38:13-36
144            android:permission="android.permission.DUMP" >
144-->[androidx.profileinstaller:profileinstaller:1.4.0] AndroidManifest.xml:39:13-57
145            <intent-filter>
145-->[androidx.profileinstaller:profileinstaller:1.4.0] AndroidManifest.xml:40:13-42:29
146                <action android:name="androidx.profileinstaller.action.INSTALL_PROFILE" />
146-->[androidx.profileinstaller:profileinstaller:1.4.0] AndroidManifest.xml:41:17-91
146-->[androidx.profileinstaller:profileinstaller:1.4.0] AndroidManifest.xml:41:25-88
147            </intent-filter>
148            <intent-filter>
148-->[androidx.profileinstaller:profileinstaller:1.4.0] AndroidManifest.xml:43:13-45:29
149                <action android:name="androidx.profileinstaller.action.SKIP_FILE" />
149-->[androidx.profileinstaller:profileinstaller:1.4.0] AndroidManifest.xml:44:17-85
149-->[androidx.profileinstaller:profileinstaller:1.4.0] AndroidManifest.xml:44:25-82
150            </intent-filter>
151            <intent-filter>
151-->[androidx.profileinstaller:profileinstaller:1.4.0] AndroidManifest.xml:46:13-48:29
152                <action android:name="androidx.profileinstaller.action.SAVE_PROFILE" />
152-->[androidx.profileinstaller:profileinstaller:1.4.0] AndroidManifest.xml:47:17-88
152-->[androidx.profileinstaller:profileinstaller:1.4.0] AndroidManifest.xml:47:25-85
153            </intent-filter>
154            <intent-filter>
154-->[androidx.profileinstaller:profileinstaller:1.4.0] AndroidManifest.xml:49:13-51:29
155                <action android:name="androidx.profileinstaller.action.BENCHMARK_OPERATION" />
155-->[androidx.profileinstaller:profileinstaller:1.4.0] AndroidManifest.xml:50:17-95
155-->[androidx.profileinstaller:profileinstaller:1.4.0] AndroidManifest.xml:50:25-92
156            </intent-filter>
157        </receiver>
158
159        <service
159-->[com.google.android.datatransport:transport-backend-cct:2.3.3] AndroidManifest.xml:29:9-35:19
160            android:name="com.google.android.datatransport.runtime.backends.TransportBackendDiscovery"
160-->[com.google.android.datatransport:transport-backend-cct:2.3.3] AndroidManifest.xml:30:13-103
161            android:exported="false" >
161-->[com.google.android.datatransport:transport-backend-cct:2.3.3] AndroidManifest.xml:31:13-37
162            <meta-data
162-->[com.google.android.datatransport:transport-backend-cct:2.3.3] AndroidManifest.xml:32:13-34:39
163                android:name="backend:com.google.android.datatransport.cct.CctBackendFactory"
163-->[com.google.android.datatransport:transport-backend-cct:2.3.3] AndroidManifest.xml:33:17-94
164                android:value="cct" />
164-->[com.google.android.datatransport:transport-backend-cct:2.3.3] AndroidManifest.xml:34:17-36
165        </service>
166        <service
166-->[com.google.android.datatransport:transport-runtime:2.2.6] AndroidManifest.xml:26:9-30:19
167            android:name="com.google.android.datatransport.runtime.scheduling.jobscheduling.JobInfoSchedulerService"
167-->[com.google.android.datatransport:transport-runtime:2.2.6] AndroidManifest.xml:27:13-117
168            android:exported="false"
168-->[com.google.android.datatransport:transport-runtime:2.2.6] AndroidManifest.xml:28:13-37
169            android:permission="android.permission.BIND_JOB_SERVICE" >
169-->[com.google.android.datatransport:transport-runtime:2.2.6] AndroidManifest.xml:29:13-69
170        </service>
171
172        <receiver
172-->[com.google.android.datatransport:transport-runtime:2.2.6] AndroidManifest.xml:32:9-34:40
173            android:name="com.google.android.datatransport.runtime.scheduling.jobscheduling.AlarmManagerSchedulerBroadcastReceiver"
173-->[com.google.android.datatransport:transport-runtime:2.2.6] AndroidManifest.xml:33:13-132
174            android:exported="false" />
174-->[com.google.android.datatransport:transport-runtime:2.2.6] AndroidManifest.xml:34:13-37
175    </application>
176
177</manifest>